[debug] > Exec(early(addDefaultCommands), None, None)
[debug] > Exec(addDefaultCommands, None, None)
[debug] > Exec(early(initialize), None, None)
[debug] > Exec(initialize, None, None)
[debug] > Exec(early(addPluginSbtFile="""C:\Users\mattd\AppData\Local\Temp\idea.sbt"""), None, None)
[debug] > Exec(addPluginSbtFile="""C:\Users\mattd\AppData\Local\Temp\idea.sbt""", None, None)
[debug] > Exec(boot, None, None)
[debug] > Exec(writeSbtVersion, None, None)
[debug] > Exec(reload, None, None)
[debug] > Exec(sbtStashOnFailure, None, None)
[debug] > Exec(onFailure loadFailed, None, None)
[debug] > Exec(loadp, None, None)
[info] welcome to sbt 1.4.3 (Oracle Corporation Java 1.8.0_271)
[debug]       Load.loadUnit: plugins took 142.4475ms
[debug]       Load.loadUnit: defsScala took 0.3676ms
[debug] [Loading] Scanning directory C:\Users\mattd\.sbt\1.0\plugins
[debug] [Loading] Found non-root projects 
[debug] [Loading] Done in C:\Users\mattd\.sbt\1.0\plugins, returning: ()
[debug] deducing auto plugins based on known facts Set(Atom(sbt.plugins.CorePlugin)) and clauses Clauses(List(Clause(Atom(sbt.plugins.JvmPlugin),Set(Atom(sbt.plugins.IvyPlugin))), Clause(Atom(sbt.ScriptedPlugin),Set(Atom(sbt.plugins.JvmPlugin))), Clause(Atom(sbt.plugins.SbtPlugin),Set(Atom(sbt.ScriptedPlugin))), Clause(Atom(sbt.plugins.SemanticdbPlugin),Set(Atom(sbt.plugins.JvmPlugin))), Clause(Atom(sbt.plugins.JUnitXmlReportPlugin),Set(Atom(sbt.plugins.JvmPlugin))), Clause(Atom(sbt.plugins.MiniDependencyTreePlugin),Set(Atom(sbt.plugins.JvmPlugin))), Clause(Atom(sbt.plugins.CorePlugin),Set(Atom(sbt.plugins.IvyPlugin))), Clause(Atom(sbt.plugins.IvyPlugin),Set(Atom(sbt.plugins.JvmPlugin))), Clause(Atom(sbt.plugins.JvmPlugin),Set(Atom(sbt.plugins.SemanticdbPlugin))), Clause(Atom(sbt.plugins.JvmPlugin),Set(Atom(sbt.plugins.JUnitXmlReportPlugin))), Clause(Atom(sbt.plugins.CorePlugin),Set(Atom(sbt.plugins.Giter8TemplatePlugin))), Clause(Atom(sbt.plugins.JvmPlugin),Set(Atom(sbt.plugins.MiniDependencyTreePlugin)))))
[debug]   :: deduced result: Matched(sbt.plugins.CorePlugin,sbt.plugins.Giter8TemplatePlugin,sbt.plugins.IvyPlugin,sbt.plugins.JvmPlugin,sbt.plugins.MiniDependencyTreePlugin,sbt.plugins.JUnitXmlReportPlugin,sbt.plugins.SemanticdbPlugin)
[debug] Plugins.deducer#function took 27.0362 ms
[debug]           Load.resolveProject(global-plugins) took 54.484ms
[debug]         Load.loadTransitive: finalizeProject(Project(id global-plugins, base: C:\Users\mattd\.sbt\1.0\plugins, plugins: List(<none>))) took 118.1439ms
[debug] [Loading] Done in C:\Users\mattd\.sbt\1.0\plugins, returning: (global-plugins)
[debug]       Load.loadUnit: loadedProjectsRaw took 146.3737ms
[debug]       Load.loadUnit: cleanEvalClasses took 0.2947ms
[debug]     Load.loadUnit(file:/C:/Users/mattd/.sbt/1.0/plugins/, ...) took 297.9598ms
[debug]   Load.apply: load took 475.0166ms
[debug]   Load.apply: resolveProjects took 6.3125ms
[debug]   Load.apply: finalTransforms took 69.4461ms
[debug]   Load.apply: config.delegates took 9.4024ms
[debug]   Load.apply: Def.make(settings)... took 2824.5054ms
[debug]   Load.apply: structureIndex took 207.8247ms
[debug]   Load.apply: mkStreams took 3.0622ms
[info] loading global plugins from C:\Users\mattd\.sbt\1.0\plugins
[debug] Running task... Cancel: Signal, check cycles: false, forcegc: true
[debug] Load.defaultLoad until apply took 10416.7744ms
[debug]           Load.loadUnit: plugins took 47.3332ms
[debug]           Load.loadUnit: defsScala took 0.0057ms
[debug] [Loading] Scanning directory C:\Users\mattd\IdeaProjects\FuncProg\Week06\forcomp\project
[debug]             Load.loadUnit: mkEval took 16.3876ms
[debug] [Loading] Found non-root projects 
[debug] [Loading] Done in C:\Users\mattd\IdeaProjects\FuncProg\Week06\forcomp\project, returning: ()
[debug] deducing auto plugins based on known facts Set(Atom(sbt.plugins.CorePlugin)) and clauses Clauses(List(Clause(Atom(sbt.plugins.JvmPlugin),Set(Atom(sbt.plugins.IvyPlugin))), Clause(Atom(sbt.ScriptedPlugin),Set(Atom(sbt.plugins.JvmPlugin))), Clause(Atom(sbt.plugins.SbtPlugin),Set(Atom(sbt.ScriptedPlugin))), Clause(Atom(sbt.plugins.SemanticdbPlugin),Set(Atom(sbt.plugins.JvmPlugin))), Clause(Atom(sbt.plugins.JUnitXmlReportPlugin),Set(Atom(sbt.plugins.JvmPlugin))), Clause(Atom(sbt.plugins.MiniDependencyTreePlugin),Set(Atom(sbt.plugins.JvmPlugin))), Clause(Atom(sbt.plugins.CorePlugin),Set(Atom(sbt.plugins.IvyPlugin))), Clause(Atom(sbt.plugins.IvyPlugin),Set(Atom(sbt.plugins.JvmPlugin))), Clause(Atom(sbt.plugins.JvmPlugin),Set(Atom(sbt.plugins.SemanticdbPlugin))), Clause(Atom(sbt.plugins.JvmPlugin),Set(Atom(sbt.plugins.JUnitXmlReportPlugin))), Clause(Atom(sbt.plugins.CorePlugin),Set(Atom(sbt.plugins.Giter8TemplatePlugin))), Clause(Atom(sbt.plugins.JvmPlugin),Set(Atom(sbt.plugins.MiniDependencyTreePlugin)))))
[debug]   :: deduced result: Matched(sbt.plugins.CorePlugin,sbt.plugins.Giter8TemplatePlugin,sbt.plugins.IvyPlugin,sbt.plugins.JvmPlugin,sbt.plugins.MiniDependencyTreePlugin,sbt.plugins.JUnitXmlReportPlugin,sbt.plugins.SemanticdbPlugin)
[debug] Plugins.deducer#function took 10.92 ms
[info] loading settings for project forcomp-build from buildSettings.sbt,plugins.sbt,idea.sbt ...
[debug]               Load.resolveProject(forcomp-build) took 14.9664ms
[debug]             Load.loadTransitive: finalizeProject(Project(id forcomp-build, base: C:\Users\mattd\IdeaProjects\FuncProg\Week06\forcomp\project, plugins: List(<none>))) took 29.0777ms
[debug] [Loading] Done in C:\Users\mattd\IdeaProjects\FuncProg\Week06\forcomp\project, returning: (forcomp-build)
[debug]           Load.loadUnit: loadedProjectsRaw took 7176.1385ms
[debug]           Load.loadUnit: cleanEvalClasses took 38.0437ms
[debug]         Load.loadUnit(file:/C:/Users/mattd/IdeaProjects/FuncProg/Week06/forcomp/project/, ...) took 7263.3681ms
[debug]       Load.apply: load took 7268.6635ms
[debug]       Load.apply: resolveProjects took 0.4599ms
[debug]       Load.apply: finalTransforms took 28.8754ms
[debug]       Load.apply: config.delegates took 0.6795ms
[debug]       Load.apply: Def.make(settings)... took 191.0575ms
[debug]       Load.apply: structureIndex took 64.8862ms
[debug]       Load.apply: mkStreams took 0.0108ms
[info] loading project definition from C:\Users\mattd\IdeaProjects\FuncProg\Week06\forcomp\project
[debug] Running task... Cancel: Signal, check cycles: false, forcegc: true
[info] compiling 2 Scala sources to C:\Users\mattd\IdeaProjects\FuncProg\Week06\forcomp\project\target\scala-2.12\sbt-1.0\classes ...
[error] C:\Users\mattd\IdeaProjects\FuncProg\Week06\forcomp\project\StudentTasks.scala:138:11: object tools is not a member of package scala
[error]     scala.tools.nsc.io.File(path).writeAll(base64Jar)
[error]           ^
[error] one error found
[error] (Compile / compileIncremental) Compilation failed
[debug] > Exec(loadFailed, None, None)
[warn] Project loading failed: (r)etry, (q)uit, (l)ast, or (i)gnore? (default: r)
